# JRE version: Java(TM) SE Runtime Environment (8.0_101-b13) (build 1.8.0_101-b13)
# Java VM: Java HotSpot(TM) 64-Bit Server VM (25.101-b13 mixed mode windows-amd64 compressed oops)
Heap:
 PSYoungGen      total 345088K, used 293623K [0x0000000780380000, 0x0000000799e00000, 0x00000007c0000000)
  eden space 327680K, 84% used [0x0000000780380000,0x000000079113e970,0x0000000794380000)
  from space 17408K, 99% used [0x0000000794380000,0x000000079547f610,0x0000000795480000)
  to   space 19968K, 0% used [0x0000000798a80000,0x0000000798a80000,0x0000000799e00000)
 ParOldGen       total 169472K, used 27926K [0x0000000700a00000, 0x000000070af80000, 0x0000000780380000)
  object space 169472K, 16% used [0x0000000700a00000,0x0000000702545a20,0x000000070af80000)
 Metaspace       used 72672K, capacity 77336K, committed 77400K, reserved 1116160K
  class space    used 9550K, capacity 10314K, committed 10368K, reserved 1048576K
GC Heap History (10 events):
Event: 6.655 GC heap before
{Heap before GC invocations=10 (full 2):
 PSYoungGen      total 265728K, used 8315K [0x0000000780380000, 0x0000000794180000, 0x00000007c0000000)
  eden space 254464K, 0% used [0x0000000780380000,0x0000000780380000,0x000000078fc00000)
  from space 11264K, 73% used [0x0000000790700000,0x0000000790f1ec18,0x0000000791200000)
  to   space 11264K, 0% used [0x000000078fc00000,0x000000078fc00000,0x0000000790700000)
 ParOldGen       total 73728K, used 10122K [0x0000000700a00000, 0x0000000705200000, 0x0000000780380000)
  object space 73728K, 13% used [0x0000000700a00000,0x00000007013e2ac0,0x0000000705200000)
 Metaspace       used 33303K, capacity 35338K, committed 35416K, reserved 1079296K
  class space    used 4331K, capacity 4692K, committed 4736K, reserved 1048576K
Event: 6.700 GC heap after
Heap after GC invocations=10 (full 2):
 PSYoungGen      total 265728K, used 0K [0x0000000780380000, 0x0000000794180000, 0x00000007c0000000)
  eden space 254464K, 0% used [0x0000000780380000,0x0000000780380000,0x000000078fc00000)
  from space 11264K, 0% used [0x0000000790700000,0x0000000790700000,0x0000000791200000)
  to   space 11264K, 0% used [0x000000078fc00000,0x000000078fc00000,0x0000000790700000)
 ParOldGen       total 112128K, used 12770K [0x0000000700a00000, 0x0000000707780000, 0x0000000780380000)
  object space 112128K, 11% used [0x0000000700a00000,0x0000000701678bc8,0x0000000707780000)
 Metaspace       used 33303K, capacity 35338K, committed 35416K, reserved 1079296K
  class space    used 4331K, capacity 4692K, committed 4736K, reserved 1048576K
}
Event: 8.791 GC heap before
{Heap before GC invocations=11 (full 2):
 PSYoungGen      total 265728K, used 254464K [0x0000000780380000, 0x0000000794180000, 0x00000007c0000000)
  eden space 254464K, 100% used [0x0000000780380000,0x000000078fc00000,0x000000078fc00000)
  from space 11264K, 0% used [0x0000000790700000,0x0000000790700000,0x0000000791200000)
  to   space 11264K, 0% used [0x000000078fc00000,0x000000078fc00000,0x0000000790700000)
 ParOldGen       total 112128K, used 12770K [0x0000000700a00000, 0x0000000707780000, 0x0000000780380000)
  object space 112128K, 11% used [0x0000000700a00000,0x0000000701678bc8,0x0000000707780000)
 Metaspace       used 45017K, capacity 47432K, committed 47576K, reserved 1091584K
  class space    used 5944K, capacity 6380K, committed 6400K, reserved 1048576K
Event: 8.805 GC heap after
Heap after GC invocations=11 (full 2):
 PSYoungGen      total 265728K, used 11237K [0x0000000780380000, 0x0000000796380000, 0x00000007c0000000)
  eden space 254464K, 0% used [0x0000000780380000,0x0000000780380000,0x000000078fc00000)
  from space 11264K, 99% used [0x000000078fc00000,0x00000007906f9400,0x0000000790700000)
  to   space 14336K, 0% used [0x0000000795580000,0x0000000795580000,0x0000000796380000)
 ParOldGen       total 112128K, used 16154K [0x0000000700a00000, 0x0000000707780000, 0x0000000780380000)
  object space 112128K, 14% used [0x0000000700a00000,0x00000007019c6978,0x0000000707780000)
 Metaspace       used 45017K, capacity 47432K, committed 47576K, reserved 1091584K
  class space    used 5944K, capacity 6380K, committed 6400K, reserved 1048576K
}
Event: 10.904 GC heap before
{Heap before GC invocations=12 (full 2):
 PSYoungGen      total 265728K, used 208609K [0x0000000780380000, 0x0000000796380000, 0x00000007c0000000)
  eden space 254464K, 77% used [0x0000000780380000,0x000000078c43f228,0x000000078fc00000)
  from space 11264K, 99% used [0x000000078fc00000,0x00000007906f9400,0x0000000790700000)
  to   space 14336K, 0% used [0x0000000795580000,0x0000000795580000,0x0000000796380000)
 ParOldGen       total 112128K, used 16154K [0x0000000700a00000, 0x0000000707780000, 0x0000000780380000)
  object space 112128K, 14% used [0x0000000700a00000,0x00000007019c6978,0x0000000707780000)
 Metaspace       used 56097K, capacity 58848K, committed 58968K, reserved 1099776K
  class space    used 7472K, capacity 7976K, committed 8064K, reserved 1048576K
Event: 10.920 GC heap after
Heap after GC invocations=12 (full 2):
 PSYoungGen      total 342016K, used 14308K [0x0000000780380000, 0x0000000796580000, 0x00000007c0000000)
  eden space 327680K, 0% used [0x0000000780380000,0x0000000780380000,0x0000000794380000)
  from space 14336K, 99% used [0x0000000795580000,0x00000007963793a8,0x0000000796380000)
  to   space 17408K, 0% used [0x0000000794380000,0x0000000794380000,0x0000000795480000)
 ParOldGen       total 112128K, used 19396K [0x0000000700a00000, 0x0000000707780000, 0x0000000780380000)
  object space 112128K, 17% used [0x0000000700a00000,0x0000000701cf1318,0x0000000707780000)
 Metaspace       used 56097K, capacity 58848K, committed 58968K, reserved 1099776K
  class space    used 7472K, capacity 7976K, committed 8064K, reserved 1048576K
}
Event: 10.920 GC heap before
{Heap before GC invocations=13 (full 3):
 PSYoungGen      total 342016K, used 14308K [0x0000000780380000, 0x0000000796580000, 0x00000007c0000000)
  eden space 327680K, 0% used [0x0000000780380000,0x0000000780380000,0x0000000794380000)
  from space 14336K, 99% used [0x0000000795580000,0x00000007963793a8,0x0000000796380000)
  to   space 17408K, 0% used [0x0000000794380000,0x0000000794380000,0x0000000795480000)
 ParOldGen       total 112128K, used 19396K [0x0000000700a00000, 0x0000000707780000, 0x0000000780380000)
  object space 112128K, 17% used [0x0000000700a00000,0x0000000701cf1318,0x0000000707780000)
 Metaspace       used 56097K, capacity 58848K, committed 58968K, reserved 1099776K
  class space    used 7472K, capacity 7976K, committed 8064K, reserved 1048576K
Event: 11.121 GC heap after
Heap after GC invocations=13 (full 3):
 PSYoungGen      total 342016K, used 0K [0x0000000780380000, 0x0000000796580000, 0x00000007c0000000)
  eden space 327680K, 0% used [0x0000000780380000,0x0000000780380000,0x0000000794380000)
  from space 14336K, 0% used [0x0000000795580000,0x0000000795580000,0x0000000796380000)
  to   space 17408K, 0% used [0x0000000794380000,0x0000000794380000,0x0000000795480000)
 ParOldGen       total 169472K, used 27661K [0x0000000700a00000, 0x000000070af80000, 0x0000000780380000)
  object space 169472K, 16% used [0x0000000700a00000,0x0000000702503648,0x000000070af80000)
 Metaspace       used 56097K, capacity 58848K, committed 58968K, reserved 1099776K
  class space    used 7472K, capacity 7976K, committed 8064K, reserved 1048576K
}
Event: 29.231 GC heap before
{Heap before GC invocations=14 (full 3):
 PSYoungGen      total 342016K, used 327680K [0x0000000780380000, 0x0000000796580000, 0x00000007c0000000)
  eden space 327680K, 100% used [0x0000000780380000,0x0000000794380000,0x0000000794380000)
  from space 14336K, 0% used [0x0000000795580000,0x0000000795580000,0x0000000796380000)
  to   space 17408K, 0% used [0x0000000794380000,0x0000000794380000,0x0000000795480000)
 ParOldGen       total 169472K, used 27661K [0x0000000700a00000, 0x000000070af80000, 0x0000000780380000)
  object space 169472K, 16% used [0x0000000700a00000,0x0000000702503648,0x000000070af80000)
 Metaspace       used 68415K, capacity 72260K, committed 72536K, reserved 1112064K
  class space    used 9135K, capacity 9818K, committed 9856K, reserved 1048576K
Event: 29.247 GC heap after
Heap after GC invocations=14 (full 3):
 PSYoungGen      total 345088K, used 17405K [0x0000000780380000, 0x0000000799e00000, 0x00000007c0000000)
  eden space 327680K, 0% used [0x0000000780380000,0x0000000780380000,0x0000000794380000)
  from space 17408K, 99% used [0x0000000794380000,0x000000079547f610,0x0000000795480000)
  to   space 19968K, 0% used [0x0000000798a80000,0x0000000798a80000,0x0000000799e00000)
 ParOldGen       total 169472K, used 27926K [0x0000000700a00000, 0x000000070af80000, 0x0000000780380000)
  object space 169472K, 16% used [0x0000000700a00000,0x0000000702545a20,0x000000070af80000)
 Metaspace       used 68415K, capacity 72260K, committed 72536K, reserved 1112064K
  class space    used 9135K, capacity 9818K, committed 9856K, reserved 1048576K
}

